{"E:\\Projects\\web-developer-interview\\src\\App.tsx": {"path":"E:\\Projects\\web-developer-interview\\src\\App.tsx","all":true,"statementMap":{"0":{"start":{"line":1,"column":0},"end":{"line":1,"column":50}},"1":{"start":{"line":2,"column":0},"end":{"line":2,"column":44}},"3":{"start":{"line":4,"column":0},"end":{"line":4,"column":16}},"4":{"start":{"line":5,"column":0},"end":{"line":5,"column":10}},"5":{"start":{"line":6,"column":0},"end":{"line":6,"column":6}},"6":{"start":{"line":7,"column":0},"end":{"line":7,"column":19}},"7":{"start":{"line":8,"column":0},"end":{"line":8,"column":24}},"8":{"start":{"line":9,"column":0},"end":{"line":9,"column":22}},"9":{"start":{"line":10,"column":0},"end":{"line":10,"column":12}},"10":{"start":{"line":11,"column":0},"end":{"line":11,"column":7}},"12":{"start":{"line":13,"column":0},"end":{"line":13,"column":1}},"14":{"start":{"line":15,"column":0},"end":{"line":15,"column":19}}},"s":{"0":0,"1":0,"3":0,"4":0,"5":0,"6":0,"7":0,"8":0,"9":0,"10":0,"12":0,"14":0},"branchMap":{"0":{"type":"branch","line":1,"loc":{"start":{"line":1,"column":134},"end":{"line":15,"column":-147}},"locations":[{"start":{"line":1,"column":134},"end":{"line":15,"column":-147}}]}},"b":{"0":[0]},"fnMap":{"0":{"name":"(empty-report)","decl":{"start":{"line":1,"column":134},"end":{"line":15,"column":-147}},"loc":{"start":{"line":1,"column":134},"end":{"line":15,"column":-147}},"line":1}},"f":{"0":0}}
,"E:\\Projects\\web-developer-interview\\src\\main.tsx": {"path":"E:\\Projects\\web-developer-interview\\src\\main.tsx","all":true,"statementMap":{"0":{"start":{"line":1,"column":0},"end":{"line":1,"column":35}},"1":{"start":{"line":2,"column":0},"end":{"line":2,"column":46}},"3":{"start":{"line":4,"column":0},"end":{"line":4,"column":21}},"5":{"start":{"line":6,"column":0},"end":{"line":6,"column":28}},"7":{"start":{"line":8,"column":0},"end":{"line":8,"column":52}},"8":{"start":{"line":9,"column":0},"end":{"line":9,"column":14}},"9":{"start":{"line":10,"column":0},"end":{"line":10,"column":11}},"10":{"start":{"line":11,"column":0},"end":{"line":11,"column":15}},"11":{"start":{"line":12,"column":0},"end":{"line":12,"column":2}}},"s":{"0":0,"1":0,"3":0,"5":0,"7":0,"8":0,"9":0,"10":0,"11":0},"branchMap":{"0":{"type":"branch","line":1,"loc":{"start":{"line":1,"column":218},"end":{"line":12,"column":-161}},"locations":[{"start":{"line":1,"column":218},"end":{"line":12,"column":-161}}]}},"b":{"0":[0]},"fnMap":{"0":{"name":"(empty-report)","decl":{"start":{"line":1,"column":218},"end":{"line":12,"column":-161}},"loc":{"start":{"line":1,"column":218},"end":{"line":12,"column":-161}},"line":1}},"f":{"0":0}}
,"E:\\Projects\\web-developer-interview\\src\\components\\icons\\index.tsx": {"path":"E:\\Projects\\web-developer-interview\\src\\components\\icons\\index.tsx","all":false,"statementMap":{"0":{"start":{"line":1,"column":0},"end":{"line":1,"column":49}},"1":{"start":{"line":2,"column":0},"end":{"line":2,"column":51}},"2":{"start":{"line":3,"column":0},"end":{"line":3,"column":66}},"4":{"start":{"line":5,"column":0},"end":{"line":5,"column":52}}},"s":{"0":1,"1":1,"2":1,"4":1},"branchMap":{},"b":{},"fnMap":{},"f":{}}
,"E:\\Projects\\web-developer-interview\\src\\components\\ui\\AppBanner\\index.tsx": {"path":"E:\\Projects\\web-developer-interview\\src\\components\\ui\\AppBanner\\index.tsx","all":true,"statementMap":{"0":{"start":{"line":1,"column":0},"end":{"line":1,"column":55}},"2":{"start":{"line":3,"column":0},"end":{"line":3,"column":25}},"3":{"start":{"line":4,"column":0},"end":{"line":4,"column":10}},"4":{"start":{"line":5,"column":0},"end":{"line":5,"column":39}},"5":{"start":{"line":6,"column":0},"end":{"line":6,"column":78}},"6":{"start":{"line":7,"column":0},"end":{"line":7,"column":29}},"7":{"start":{"line":8,"column":0},"end":{"line":8,"column":48}},"8":{"start":{"line":9,"column":0},"end":{"line":9,"column":41}},"9":{"start":{"line":10,"column":0},"end":{"line":10,"column":69}},"10":{"start":{"line":11,"column":0},"end":{"line":11,"column":14}},"11":{"start":{"line":12,"column":0},"end":{"line":12,"column":12}},"12":{"start":{"line":13,"column":0},"end":{"line":13,"column":10}},"14":{"start":{"line":15,"column":0},"end":{"line":15,"column":2}},"16":{"start":{"line":17,"column":0},"end":{"line":17,"column":25}}},"s":{"0":0,"2":0,"3":0,"4":0,"5":0,"6":0,"7":0,"8":0,"9":0,"10":0,"11":0,"12":0,"14":0,"16":0},"branchMap":{"0":{"type":"branch","line":1,"loc":{"start":{"line":1,"column":227},"end":{"line":17,"column":-251}},"locations":[{"start":{"line":1,"column":227},"end":{"line":17,"column":-251}}]}},"b":{"0":[0]},"fnMap":{"0":{"name":"(empty-report)","decl":{"start":{"line":1,"column":227},"end":{"line":17,"column":-251}},"loc":{"start":{"line":1,"column":227},"end":{"line":17,"column":-251}},"line":1}},"f":{"0":0}}
,"E:\\Projects\\web-developer-interview\\src\\components\\ui\\Highlight\\index.tsx": {"path":"E:\\Projects\\web-developer-interview\\src\\components\\ui\\Highlight\\index.tsx","all":false,"statementMap":{"1":{"start":{"line":2,"column":0},"end":{"line":2,"column":8}},"2":{"start":{"line":3,"column":0},"end":{"line":3,"column":24}},"3":{"start":{"line":4,"column":0},"end":{"line":4,"column":32}},"4":{"start":{"line":5,"column":0},"end":{"line":5,"column":27}},"5":{"start":{"line":6,"column":0},"end":{"line":6,"column":32}},"12":{"start":{"line":13,"column":0},"end":{"line":13,"column":64}},"13":{"start":{"line":14,"column":0},"end":{"line":14,"column":31}},"14":{"start":{"line":15,"column":0},"end":{"line":15,"column":40}},"15":{"start":{"line":16,"column":0},"end":{"line":16,"column":56}},"16":{"start":{"line":17,"column":0},"end":{"line":17,"column":5}},"17":{"start":{"line":18,"column":0},"end":{"line":18,"column":62}},"18":{"start":{"line":19,"column":0},"end":{"line":19,"column":28}},"20":{"start":{"line":21,"column":0},"end":{"line":21,"column":10}},"21":{"start":{"line":22,"column":0},"end":{"line":22,"column":7}},"22":{"start":{"line":23,"column":0},"end":{"line":23,"column":50}},"23":{"start":{"line":24,"column":0},"end":{"line":24,"column":16}},"24":{"start":{"line":25,"column":0},"end":{"line":25,"column":15}},"25":{"start":{"line":26,"column":0},"end":{"line":26,"column":23}},"26":{"start":{"line":27,"column":0},"end":{"line":27,"column":38}},"27":{"start":{"line":28,"column":0},"end":{"line":28,"column":55}},"29":{"start":{"line":30,"column":0},"end":{"line":30,"column":18}},"30":{"start":{"line":31,"column":0},"end":{"line":31,"column":17}},"32":{"start":{"line":33,"column":0},"end":{"line":33,"column":9}},"33":{"start":{"line":34,"column":0},"end":{"line":34,"column":8}},"35":{"start":{"line":36,"column":0},"end":{"line":36,"column":2}},"37":{"start":{"line":38,"column":0},"end":{"line":38,"column":25}}},"s":{"1":1,"2":1,"3":1,"4":1,"5":1,"12":1,"13":80,"14":38,"15":27,"16":27,"17":11,"18":80,"20":80,"21":80,"22":80,"23":218,"24":218,"25":218,"26":218,"27":218,"29":218,"30":218,"32":80,"33":80,"35":80,"37":1},"branchMap":{"0":{"type":"branch","line":13,"loc":{"start":{"line":13,"column":18},"end":{"line":36,"column":2}},"locations":[{"start":{"line":13,"column":18},"end":{"line":36,"column":2}}]},"1":{"type":"branch","line":14,"loc":{"start":{"line":14,"column":24},"end":{"line":19,"column":5}},"locations":[{"start":{"line":14,"column":24},"end":{"line":19,"column":5}}]},"2":{"type":"branch","line":15,"loc":{"start":{"line":15,"column":39},"end":{"line":17,"column":5}},"locations":[{"start":{"line":15,"column":39},"end":{"line":17,"column":5}}]},"3":{"type":"branch","line":17,"loc":{"start":{"line":17,"column":4},"end":{"line":18,"column":62}},"locations":[{"start":{"line":17,"column":4},"end":{"line":18,"column":62}}]},"4":{"type":"branch","line":23,"loc":{"start":{"line":23,"column":17},"end":{"line":33,"column":7}},"locations":[{"start":{"line":23,"column":17},"end":{"line":33,"column":7}}]}},"b":{"0":[80],"1":[38],"2":[27],"3":[11],"4":[218]},"fnMap":{"0":{"name":"Highlight","decl":{"start":{"line":13,"column":18},"end":{"line":36,"column":2}},"loc":{"start":{"line":13,"column":18},"end":{"line":36,"column":2}},"line":13}},"f":{"0":80}}
,"E:\\Projects\\web-developer-interview\\src\\hooks\\useDebounceCallback.ts": {"path":"E:\\Projects\\web-developer-interview\\src\\hooks\\useDebounceCallback.ts","all":false,"statementMap":{"1":{"start":{"line":2,"column":0},"end":{"line":2,"column":51}},"2":{"start":{"line":3,"column":0},"end":{"line":3,"column":39}},"4":{"start":{"line":5,"column":0},"end":{"line":5,"column":42}},"23":{"start":{"line":24,"column":0},"end":{"line":24,"column":79}},"24":{"start":{"line":25,"column":0},"end":{"line":25,"column":10}},"25":{"start":{"line":26,"column":0},"end":{"line":26,"column":14}},"26":{"start":{"line":27,"column":0},"end":{"line":27,"column":27}},"27":{"start":{"line":28,"column":0},"end":{"line":28,"column":22}},"28":{"start":{"line":29,"column":0},"end":{"line":29,"column":71}},"30":{"start":{"line":31,"column":0},"end":{"line":31,"column":20}},"31":{"start":{"line":32,"column":0},"end":{"line":32,"column":32}},"32":{"start":{"line":33,"column":0},"end":{"line":33,"column":37}},"33":{"start":{"line":34,"column":0},"end":{"line":34,"column":5}},"34":{"start":{"line":35,"column":0},"end":{"line":35,"column":5}},"36":{"start":{"line":37,"column":0},"end":{"line":37,"column":35}},"37":{"start":{"line":38,"column":0},"end":{"line":38,"column":65}},"39":{"start":{"line":40,"column":0},"end":{"line":40,"column":72}},"40":{"start":{"line":41,"column":0},"end":{"line":41,"column":44}},"41":{"start":{"line":42,"column":0},"end":{"line":42,"column":6}},"43":{"start":{"line":44,"column":0},"end":{"line":44,"column":32}},"44":{"start":{"line":45,"column":0},"end":{"line":45,"column":37}},"45":{"start":{"line":46,"column":0},"end":{"line":46,"column":6}},"47":{"start":{"line":48,"column":0},"end":{"line":48,"column":35}},"48":{"start":{"line":49,"column":0},"end":{"line":49,"column":37}},"49":{"start":{"line":50,"column":0},"end":{"line":50,"column":6}},"51":{"start":{"line":52,"column":0},"end":{"line":52,"column":31}},"52":{"start":{"line":53,"column":0},"end":{"line":53,"column":43}},"53":{"start":{"line":54,"column":0},"end":{"line":54,"column":6}},"55":{"start":{"line":56,"column":0},"end":{"line":56,"column":23}},"56":{"start":{"line":57,"column":0},"end":{"line":57,"column":29}},"59":{"start":{"line":60,"column":0},"end":{"line":60,"column":19}},"60":{"start":{"line":61,"column":0},"end":{"line":61,"column":59}},"61":{"start":{"line":62,"column":0},"end":{"line":62,"column":29}},"63":{"start":{"line":64,"column":0},"end":{"line":64,"column":19}},"64":{"start":{"line":65,"column":0},"end":{"line":65,"column":1}}},"s":{"1":1,"2":1,"4":1,"23":1,"24":52,"25":52,"26":52,"27":52,"28":52,"30":52,"31":9,"32":9,"33":9,"34":52,"36":52,"37":52,"39":52,"40":28,"41":28,"43":52,"44":48,"45":48,"47":52,"48":0,"49":0,"51":52,"52":0,"53":0,"55":52,"56":52,"59":52,"60":50,"61":52,"63":52,"64":52},"branchMap":{"0":{"type":"branch","line":3,"loc":{"start":{"line":3,"column":21},"end":{"line":3,"column":39}},"locations":[{"start":{"line":3,"column":21},"end":{"line":3,"column":39}}]},"1":{"type":"branch","line":24,"loc":{"start":{"line":24,"column":7},"end":{"line":65,"column":1}},"locations":[{"start":{"line":24,"column":7},"end":{"line":65,"column":1}}]},"2":{"type":"branch","line":31,"loc":{"start":{"line":31,"column":13},"end":{"line":35,"column":3}},"locations":[{"start":{"line":31,"column":13},"end":{"line":35,"column":3}}]},"3":{"type":"branch","line":37,"loc":{"start":{"line":37,"column":28},"end":{"line":57,"column":5}},"locations":[{"start":{"line":37,"column":28},"end":{"line":57,"column":5}}]},"4":{"type":"branch","line":40,"loc":{"start":{"line":40,"column":43},"end":{"line":42,"column":6}},"locations":[{"start":{"line":40,"column":43},"end":{"line":42,"column":6}}]},"5":{"type":"branch","line":44,"loc":{"start":{"line":44,"column":25},"end":{"line":46,"column":6}},"locations":[{"start":{"line":44,"column":25},"end":{"line":46,"column":6}}]},"6":{"type":"branch","line":60,"loc":{"start":{"line":60,"column":12},"end":{"line":62,"column":5}},"locations":[{"start":{"line":60,"column":12},"end":{"line":62,"column":5}}]}},"b":{"0":[0],"1":[52],"2":[9],"3":[52],"4":[28],"5":[48],"6":[50]},"fnMap":{"0":{"name":"useDebounceCallback","decl":{"start":{"line":24,"column":7},"end":{"line":65,"column":1}},"loc":{"start":{"line":24,"column":7},"end":{"line":65,"column":1}},"line":24},"1":{"name":"wrappedFunc","decl":{"start":{"line":40,"column":43},"end":{"line":42,"column":6}},"loc":{"start":{"line":40,"column":43},"end":{"line":42,"column":6}},"line":40},"2":{"name":"wrappedFunc.cancel","decl":{"start":{"line":44,"column":25},"end":{"line":46,"column":6}},"loc":{"start":{"line":44,"column":25},"end":{"line":46,"column":6}},"line":44},"3":{"name":"wrappedFunc.isPending","decl":{"start":{"line":48,"column":28},"end":{"line":50,"column":6}},"loc":{"start":{"line":48,"column":28},"end":{"line":50,"column":6}},"line":48},"4":{"name":"wrappedFunc.flush","decl":{"start":{"line":52,"column":24},"end":{"line":54,"column":6}},"loc":{"start":{"line":52,"column":24},"end":{"line":54,"column":6}},"line":52}},"f":{"0":52,"1":28,"2":48,"3":0,"4":0}}
,"E:\\Projects\\web-developer-interview\\src\\hooks\\useEventListener.ts": {"path":"E:\\Projects\\web-developer-interview\\src\\hooks\\useEventListener.ts","all":false,"statementMap":{"0":{"start":{"line":1,"column":0},"end":{"line":1,"column":42}},"4":{"start":{"line":5,"column":0},"end":{"line":5,"column":72}},"45":{"start":{"line":46,"column":0},"end":{"line":46,"column":26}},"51":{"start":{"line":52,"column":0},"end":{"line":52,"column":26}},"52":{"start":{"line":53,"column":0},"end":{"line":53,"column":12}},"60":{"start":{"line":61,"column":0},"end":{"line":61,"column":25}},"61":{"start":{"line":62,"column":0},"end":{"line":62,"column":45}},"62":{"start":{"line":63,"column":0},"end":{"line":63,"column":3}},"64":{"start":{"line":65,"column":0},"end":{"line":65,"column":39}},"66":{"start":{"line":67,"column":0},"end":{"line":67,"column":35}},"67":{"start":{"line":68,"column":0},"end":{"line":68,"column":35}},"68":{"start":{"line":69,"column":0},"end":{"line":69,"column":16}},"70":{"start":{"line":71,"column":0},"end":{"line":71,"column":19}},"72":{"start":{"line":73,"column":0},"end":{"line":73,"column":65}},"74":{"start":{"line":75,"column":0},"end":{"line":75,"column":67}},"77":{"start":{"line":78,"column":0},"end":{"line":78,"column":49}},"78":{"start":{"line":79,"column":0},"end":{"line":79,"column":34}},"79":{"start":{"line":80,"column":0},"end":{"line":80,"column":6}},"81":{"start":{"line":82,"column":0},"end":{"line":82,"column":65}},"84":{"start":{"line":85,"column":0},"end":{"line":85,"column":18}},"85":{"start":{"line":86,"column":0},"end":{"line":86,"column":70}},"86":{"start":{"line":87,"column":0},"end":{"line":87,"column":6}},"87":{"start":{"line":88,"column":0},"end":{"line":88,"column":36}},"88":{"start":{"line":89,"column":0},"end":{"line":89,"column":1}},"90":{"start":{"line":91,"column":0},"end":{"line":91,"column":28}}},"s":{"0":1,"4":1,"45":52,"51":52,"52":52,"60":52,"61":52,"62":52,"64":52,"66":52,"67":50,"68":52,"70":52,"72":50,"74":50,"77":50,"78":3,"79":3,"81":50,"84":50,"85":49,"86":49,"87":52,"88":52,"90":1},"branchMap":{"0":{"type":"branch","line":46,"loc":{"start":{"line":46,"column":0},"end":{"line":89,"column":1}},"locations":[{"start":{"line":46,"column":0},"end":{"line":89,"column":1}}]},"1":{"type":"branch","line":67,"loc":{"start":{"line":67,"column":28},"end":{"line":69,"column":5}},"locations":[{"start":{"line":67,"column":28},"end":{"line":69,"column":5}}]},"2":{"type":"branch","line":71,"loc":{"start":{"line":71,"column":12},"end":{"line":88,"column":5}},"locations":[{"start":{"line":71,"column":12},"end":{"line":88,"column":5}}]},"3":{"type":"branch","line":73,"loc":{"start":{"line":73,"column":38},"end":{"line":73,"column":58}},"locations":[{"start":{"line":73,"column":38},"end":{"line":73,"column":58}}]},"4":{"type":"branch","line":75,"loc":{"start":{"line":75,"column":60},"end":{"line":75,"column":67}},"locations":[{"start":{"line":75,"column":60},"end":{"line":75,"column":67}}]},"5":{"type":"branch","line":78,"loc":{"start":{"line":78,"column":37},"end":{"line":80,"column":6}},"locations":[{"start":{"line":78,"column":37},"end":{"line":80,"column":6}}]},"6":{"type":"branch","line":85,"loc":{"start":{"line":85,"column":11},"end":{"line":87,"column":6}},"locations":[{"start":{"line":85,"column":11},"end":{"line":87,"column":6}}]}},"b":{"0":[52],"1":[50],"2":[50],"3":[0],"4":[0],"5":[3],"6":[49]},"fnMap":{"0":{"name":"useEventListener","decl":{"start":{"line":46,"column":0},"end":{"line":89,"column":1}},"loc":{"start":{"line":46,"column":0},"end":{"line":89,"column":1}},"line":46},"1":{"name":"listener","decl":{"start":{"line":78,"column":37},"end":{"line":80,"column":6}},"loc":{"start":{"line":78,"column":37},"end":{"line":80,"column":6}},"line":78}},"f":{"0":52,"1":3}}
,"E:\\Projects\\web-developer-interview\\src\\hooks\\useIsomorphicLayoutEffect.ts": {"path":"E:\\Projects\\web-developer-interview\\src\\hooks\\useIsomorphicLayoutEffect.ts","all":false,"statementMap":{"0":{"start":{"line":1,"column":0},"end":{"line":1,"column":51}},"2":{"start":{"line":3,"column":0},"end":{"line":3,"column":40}},"3":{"start":{"line":4,"column":0},"end":{"line":4,"column":62}}},"s":{"0":1,"2":1,"3":1},"branchMap":{"0":{"type":"branch","line":4,"loc":{"start":{"line":4,"column":34},"end":{"line":4,"column":62}},"locations":[{"start":{"line":4,"column":34},"end":{"line":4,"column":62}}]}},"b":{"0":[0]},"fnMap":{},"f":{}}
,"E:\\Projects\\web-developer-interview\\src\\hooks\\useOnClickOutside.ts": {"path":"E:\\Projects\\web-developer-interview\\src\\hooks\\useOnClickOutside.ts","all":false,"statementMap":{"2":{"start":{"line":3,"column":0},"end":{"line":3,"column":54}},"12":{"start":{"line":13,"column":0},"end":{"line":13,"column":71}},"13":{"start":{"line":14,"column":0},"end":{"line":14,"column":51}},"14":{"start":{"line":15,"column":0},"end":{"line":15,"column":65}},"15":{"start":{"line":16,"column":0},"end":{"line":16,"column":37}},"16":{"start":{"line":17,"column":0},"end":{"line":17,"column":52}},"17":{"start":{"line":18,"column":0},"end":{"line":18,"column":9}},"18":{"start":{"line":19,"column":0},"end":{"line":19,"column":19}},"19":{"start":{"line":20,"column":0},"end":{"line":20,"column":14}},"20":{"start":{"line":21,"column":0},"end":{"line":21,"column":16}},"21":{"start":{"line":22,"column":0},"end":{"line":22,"column":42}},"24":{"start":{"line":25,"column":0},"end":{"line":25,"column":43}},"25":{"start":{"line":26,"column":0},"end":{"line":26,"column":15}},"26":{"start":{"line":27,"column":0},"end":{"line":27,"column":7}},"28":{"start":{"line":29,"column":0},"end":{"line":29,"column":42}},"29":{"start":{"line":30,"column":0},"end":{"line":30,"column":13}},"30":{"start":{"line":31,"column":0},"end":{"line":31,"column":46}},"31":{"start":{"line":32,"column":0},"end":{"line":32,"column":67}},"32":{"start":{"line":33,"column":0},"end":{"line":33,"column":55}},"34":{"start":{"line":35,"column":0},"end":{"line":35,"column":22}},"35":{"start":{"line":36,"column":0},"end":{"line":36,"column":23}},"36":{"start":{"line":37,"column":0},"end":{"line":37,"column":7}},"37":{"start":{"line":38,"column":0},"end":{"line":38,"column":6}},"38":{"start":{"line":39,"column":0},"end":{"line":39,"column":14}},"39":{"start":{"line":40,"column":0},"end":{"line":40,"column":24}},"40":{"start":{"line":41,"column":0},"end":{"line":41,"column":4}},"41":{"start":{"line":42,"column":0},"end":{"line":42,"column":1}}},"s":{"2":1,"12":1,"13":52,"14":52,"15":52,"16":52,"17":52,"18":52,"19":52,"20":52,"21":3,"24":3,"25":0,"26":0,"28":3,"29":0,"30":0,"31":0,"32":3,"34":3,"35":0,"36":0,"37":3,"38":52,"39":52,"40":52,"41":52},"branchMap":{"0":{"type":"branch","line":13,"loc":{"start":{"line":13,"column":7},"end":{"line":42,"column":1}},"locations":[{"start":{"line":13,"column":7},"end":{"line":42,"column":1}}]},"1":{"type":"branch","line":21,"loc":{"start":{"line":21,"column":4},"end":{"line":38,"column":6}},"locations":[{"start":{"line":21,"column":4},"end":{"line":38,"column":6}}]},"2":{"type":"branch","line":25,"loc":{"start":{"line":25,"column":42},"end":{"line":27,"column":7}},"locations":[{"start":{"line":25,"column":42},"end":{"line":27,"column":7}}]},"3":{"type":"branch","line":29,"loc":{"start":{"line":29,"column":41},"end":{"line":32,"column":67}},"locations":[{"start":{"line":29,"column":41},"end":{"line":32,"column":67}}]},"4":{"type":"branch","line":35,"loc":{"start":{"line":35,"column":21},"end":{"line":37,"column":7}},"locations":[{"start":{"line":35,"column":21},"end":{"line":37,"column":7}}]}},"b":{"0":[52],"1":[3],"2":[0],"3":[0],"4":[0]},"fnMap":{"0":{"name":"useOnClickOutside","decl":{"start":{"line":13,"column":7},"end":{"line":42,"column":1}},"loc":{"start":{"line":13,"column":7},"end":{"line":42,"column":1}},"line":13}},"f":{"0":52}}
,"E:\\Projects\\web-developer-interview\\src\\hooks\\useUnmount.ts": {"path":"E:\\Projects\\web-developer-interview\\src\\hooks\\useUnmount.ts","all":false,"statementMap":{"0":{"start":{"line":1,"column":0},"end":{"line":1,"column":42}},"2":{"start":{"line":3,"column":0},"end":{"line":3,"column":46}},"3":{"start":{"line":4,"column":0},"end":{"line":4,"column":31}},"5":{"start":{"line":6,"column":0},"end":{"line":6,"column":25}},"7":{"start":{"line":8,"column":0},"end":{"line":8,"column":12}},"8":{"start":{"line":9,"column":0},"end":{"line":9,"column":17}},"9":{"start":{"line":10,"column":0},"end":{"line":10,"column":24}},"10":{"start":{"line":11,"column":0},"end":{"line":11,"column":6}},"11":{"start":{"line":12,"column":0},"end":{"line":12,"column":6}},"12":{"start":{"line":13,"column":0},"end":{"line":13,"column":4}},"13":{"start":{"line":14,"column":0},"end":{"line":14,"column":1}}},"s":{"0":1,"2":1,"3":52,"5":52,"7":52,"8":52,"9":9,"10":9,"11":52,"12":52,"13":52},"branchMap":{"0":{"type":"branch","line":3,"loc":{"start":{"line":3,"column":7},"end":{"line":14,"column":1}},"locations":[{"start":{"line":3,"column":7},"end":{"line":14,"column":1}}]},"1":{"type":"branch","line":9,"loc":{"start":{"line":9,"column":4},"end":{"line":11,"column":6}},"locations":[{"start":{"line":9,"column":4},"end":{"line":11,"column":6}}]},"2":{"type":"branch","line":9,"loc":{"start":{"line":9,"column":10},"end":{"line":11,"column":6}},"locations":[{"start":{"line":9,"column":10},"end":{"line":11,"column":6}}]}},"b":{"0":[52],"1":[10],"2":[9]},"fnMap":{"0":{"name":"useUnmount","decl":{"start":{"line":3,"column":7},"end":{"line":14,"column":1}},"loc":{"start":{"line":3,"column":7},"end":{"line":14,"column":1}},"line":3}},"f":{"0":52}}
,"E:\\Projects\\web-developer-interview\\src\\models\\index.ts": {"path":"E:\\Projects\\web-developer-interview\\src\\models\\index.ts","all":true,"statementMap":{},"s":{},"branchMap":{"0":{"type":"branch","line":1,"loc":{"start":{"line":1,"column":613},"end":{"line":30,"column":1}},"locations":[{"start":{"line":1,"column":613},"end":{"line":30,"column":1}}]}},"b":{"0":[1]},"fnMap":{"0":{"name":"(empty-report)","decl":{"start":{"line":1,"column":613},"end":{"line":30,"column":1}},"loc":{"start":{"line":1,"column":613},"end":{"line":30,"column":1}},"line":1}},"f":{"0":1}}
,"E:\\Projects\\web-developer-interview\\src\\pages\\SearchPage\\index.tsx": {"path":"E:\\Projects\\web-developer-interview\\src\\pages\\SearchPage\\index.tsx","all":true,"statementMap":{"0":{"start":{"line":1,"column":0},"end":{"line":1,"column":33}},"3":{"start":{"line":4,"column":0},"end":{"line":4,"column":55}},"5":{"start":{"line":6,"column":0},"end":{"line":6,"column":47}},"6":{"start":{"line":7,"column":0},"end":{"line":7,"column":55}},"8":{"start":{"line":9,"column":0},"end":{"line":9,"column":26}},"9":{"start":{"line":10,"column":0},"end":{"line":10,"column":41}},"10":{"start":{"line":11,"column":0},"end":{"line":11,"column":71}},"11":{"start":{"line":12,"column":0},"end":{"line":12,"column":52}},"13":{"start":{"line":14,"column":0},"end":{"line":14,"column":49}},"14":{"start":{"line":15,"column":0},"end":{"line":15,"column":48}},"16":{"start":{"line":17,"column":0},"end":{"line":17,"column":20}},"17":{"start":{"line":18,"column":0},"end":{"line":18,"column":22}},"18":{"start":{"line":19,"column":0},"end":{"line":19,"column":24}},"19":{"start":{"line":20,"column":0},"end":{"line":20,"column":4}},"21":{"start":{"line":22,"column":0},"end":{"line":22,"column":10}},"22":{"start":{"line":23,"column":0},"end":{"line":23,"column":30}},"23":{"start":{"line":24,"column":0},"end":{"line":24,"column":70}},"24":{"start":{"line":25,"column":0},"end":{"line":25,"column":49}},"25":{"start":{"line":26,"column":0},"end":{"line":26,"column":47}},"26":{"start":{"line":27,"column":0},"end":{"line":27,"column":14}},"27":{"start":{"line":28,"column":0},"end":{"line":28,"column":12}},"28":{"start":{"line":29,"column":0},"end":{"line":29,"column":28}},"29":{"start":{"line":30,"column":0},"end":{"line":30,"column":43}},"30":{"start":{"line":31,"column":0},"end":{"line":31,"column":22}},"31":{"start":{"line":32,"column":0},"end":{"line":32,"column":26}},"32":{"start":{"line":33,"column":0},"end":{"line":33,"column":38}},"33":{"start":{"line":34,"column":0},"end":{"line":34,"column":30}},"34":{"start":{"line":35,"column":0},"end":{"line":35,"column":38}},"35":{"start":{"line":36,"column":0},"end":{"line":36,"column":47}},"36":{"start":{"line":37,"column":0},"end":{"line":37,"column":27}},"37":{"start":{"line":38,"column":0},"end":{"line":38,"column":14}},"39":{"start":{"line":40,"column":0},"end":{"line":40,"column":23}},"40":{"start":{"line":41,"column":0},"end":{"line":41,"column":47}},"42":{"start":{"line":43,"column":0},"end":{"line":43,"column":17}},"44":{"start":{"line":45,"column":0},"end":{"line":45,"column":14}},"45":{"start":{"line":46,"column":0},"end":{"line":46,"column":12}},"46":{"start":{"line":47,"column":0},"end":{"line":47,"column":10}},"48":{"start":{"line":49,"column":0},"end":{"line":49,"column":2}},"50":{"start":{"line":51,"column":0},"end":{"line":51,"column":26}}},"s":{"0":0,"3":0,"5":0,"6":0,"8":0,"9":0,"10":0,"11":0,"13":0,"14":0,"16":0,"17":0,"18":0,"19":0,"21":0,"22":0,"23":0,"24":0,"25":0,"26":0,"27":0,"28":0,"29":0,"30":0,"31":0,"32":0,"33":0,"34":0,"35":0,"36":0,"37":0,"39":0,"40":0,"42":0,"44":0,"45":0,"46":0,"48":0,"50":0},"branchMap":{"0":{"type":"branch","line":1,"loc":{"start":{"line":1,"column":820},"end":{"line":51,"column":-617}},"locations":[{"start":{"line":1,"column":820},"end":{"line":51,"column":-617}}]}},"b":{"0":[0]},"fnMap":{"0":{"name":"(empty-report)","decl":{"start":{"line":1,"column":820},"end":{"line":51,"column":-617}},"loc":{"start":{"line":1,"column":820},"end":{"line":51,"column":-617}},"line":1}},"f":{"0":0}}
,"E:\\Projects\\web-developer-interview\\src\\pages\\SearchPage\\components\\SearchBox\\index.tsx": {"path":"E:\\Projects\\web-developer-interview\\src\\pages\\SearchPage\\components\\SearchBox\\index.tsx","all":false,"statementMap":{"0":{"start":{"line":1,"column":0},"end":{"line":1,"column":41}},"2":{"start":{"line":3,"column":0},"end":{"line":3,"column":59}},"3":{"start":{"line":4,"column":0},"end":{"line":4,"column":50}},"4":{"start":{"line":5,"column":0},"end":{"line":5,"column":66}},"5":{"start":{"line":6,"column":0},"end":{"line":6,"column":62}},"6":{"start":{"line":7,"column":0},"end":{"line":7,"column":59}},"12":{"start":{"line":13,"column":0},"end":{"line":13,"column":53}},"13":{"start":{"line":14,"column":0},"end":{"line":14,"column":52}},"14":{"start":{"line":15,"column":0},"end":{"line":15,"column":50}},"16":{"start":{"line":17,"column":0},"end":{"line":17,"column":63}},"17":{"start":{"line":18,"column":0},"end":{"line":18,"column":73}},"18":{"start":{"line":19,"column":0},"end":{"line":19,"column":62}},"20":{"start":{"line":21,"column":0},"end":{"line":21,"column":70}},"22":{"start":{"line":23,"column":0},"end":{"line":23,"column":60}},"24":{"start":{"line":25,"column":0},"end":{"line":25,"column":71}},"25":{"start":{"line":26,"column":0},"end":{"line":26,"column":64}},"27":{"start":{"line":28,"column":0},"end":{"line":28,"column":16}},"28":{"start":{"line":29,"column":0},"end":{"line":29,"column":27}},"29":{"start":{"line":30,"column":0},"end":{"line":30,"column":5}},"31":{"start":{"line":32,"column":0},"end":{"line":32,"column":15}},"32":{"start":{"line":33,"column":0},"end":{"line":33,"column":39}},"33":{"start":{"line":34,"column":0},"end":{"line":34,"column":40}},"34":{"start":{"line":35,"column":0},"end":{"line":35,"column":32}},"35":{"start":{"line":36,"column":0},"end":{"line":36,"column":7}},"36":{"start":{"line":37,"column":0},"end":{"line":37,"column":5}},"37":{"start":{"line":38,"column":0},"end":{"line":38,"column":5}},"39":{"start":{"line":40,"column":0},"end":{"line":40,"column":73}},"40":{"start":{"line":41,"column":0},"end":{"line":41,"column":28}},"41":{"start":{"line":42,"column":0},"end":{"line":42,"column":33}},"42":{"start":{"line":43,"column":0},"end":{"line":43,"column":27}},"43":{"start":{"line":44,"column":0},"end":{"line":44,"column":28}},"44":{"start":{"line":45,"column":0},"end":{"line":45,"column":12}},"45":{"start":{"line":46,"column":0},"end":{"line":46,"column":25}},"46":{"start":{"line":47,"column":0},"end":{"line":47,"column":28}},"47":{"start":{"line":48,"column":0},"end":{"line":48,"column":5}},"48":{"start":{"line":49,"column":0},"end":{"line":49,"column":4}},"50":{"start":{"line":51,"column":0},"end":{"line":51,"column":76}},"51":{"start":{"line":52,"column":0},"end":{"line":52,"column":20}},"52":{"start":{"line":53,"column":0},"end":{"line":53,"column":19}},"53":{"start":{"line":54,"column":0},"end":{"line":54,"column":41}},"54":{"start":{"line":55,"column":0},"end":{"line":55,"column":76}},"55":{"start":{"line":56,"column":0},"end":{"line":56,"column":9}},"56":{"start":{"line":57,"column":0},"end":{"line":57,"column":30}},"58":{"start":{"line":59,"column":0},"end":{"line":59,"column":20}},"59":{"start":{"line":60,"column":0},"end":{"line":60,"column":30}},"60":{"start":{"line":61,"column":0},"end":{"line":61,"column":14}},"62":{"start":{"line":63,"column":0},"end":{"line":63,"column":23}},"63":{"start":{"line":64,"column":0},"end":{"line":64,"column":76}},"64":{"start":{"line":65,"column":0},"end":{"line":65,"column":14}},"66":{"start":{"line":67,"column":0},"end":{"line":67,"column":21}},"67":{"start":{"line":68,"column":0},"end":{"line":68,"column":42}},"68":{"start":{"line":69,"column":0},"end":{"line":69,"column":21}},"69":{"start":{"line":70,"column":0},"end":{"line":70,"column":36}},"70":{"start":{"line":71,"column":0},"end":{"line":71,"column":66}},"71":{"start":{"line":72,"column":0},"end":{"line":72,"column":10}},"72":{"start":{"line":73,"column":0},"end":{"line":73,"column":14}},"74":{"start":{"line":75,"column":0},"end":{"line":75,"column":14}},"75":{"start":{"line":76,"column":0},"end":{"line":76,"column":14}},"76":{"start":{"line":77,"column":0},"end":{"line":77,"column":5}},"77":{"start":{"line":78,"column":0},"end":{"line":78,"column":4}},"79":{"start":{"line":80,"column":0},"end":{"line":80,"column":53}},"80":{"start":{"line":81,"column":0},"end":{"line":81,"column":24}},"81":{"start":{"line":82,"column":0},"end":{"line":82,"column":27}},"82":{"start":{"line":83,"column":0},"end":{"line":83,"column":34}},"83":{"start":{"line":84,"column":0},"end":{"line":84,"column":5}},"84":{"start":{"line":85,"column":0},"end":{"line":85,"column":30}},"85":{"start":{"line":86,"column":0},"end":{"line":86,"column":26}},"86":{"start":{"line":87,"column":0},"end":{"line":87,"column":4}},"88":{"start":{"line":89,"column":0},"end":{"line":89,"column":58}},"89":{"start":{"line":90,"column":0},"end":{"line":90,"column":27}},"90":{"start":{"line":91,"column":0},"end":{"line":91,"column":42}},"91":{"start":{"line":92,"column":0},"end":{"line":92,"column":5}},"92":{"start":{"line":93,"column":0},"end":{"line":93,"column":19}},"93":{"start":{"line":94,"column":0},"end":{"line":94,"column":4}},"95":{"start":{"line":96,"column":0},"end":{"line":96,"column":30}},"96":{"start":{"line":97,"column":0},"end":{"line":97,"column":26}},"97":{"start":{"line":98,"column":0},"end":{"line":98,"column":28}},"99":{"start":{"line":100,"column":0},"end":{"line":100,"column":34}},"100":{"start":{"line":101,"column":0},"end":{"line":101,"column":16}},"101":{"start":{"line":102,"column":0},"end":{"line":102,"column":22}},"102":{"start":{"line":103,"column":0},"end":{"line":103,"column":5}},"103":{"start":{"line":104,"column":0},"end":{"line":104,"column":4}},"105":{"start":{"line":106,"column":0},"end":{"line":106,"column":37}},"106":{"start":{"line":107,"column":0},"end":{"line":107,"column":29}},"107":{"start":{"line":108,"column":0},"end":{"line":108,"column":33}},"108":{"start":{"line":109,"column":0},"end":{"line":109,"column":4}},"110":{"start":{"line":111,"column":0},"end":{"line":111,"column":55}},"112":{"start":{"line":113,"column":0},"end":{"line":113,"column":10}},"113":{"start":{"line":114,"column":0},"end":{"line":114,"column":8}},"114":{"start":{"line":115,"column":0},"end":{"line":115,"column":24}},"115":{"start":{"line":116,"column":0},"end":{"line":116,"column":30}},"116":{"start":{"line":117,"column":0},"end":{"line":117,"column":45}},"117":{"start":{"line":118,"column":0},"end":{"line":118,"column":136}},"119":{"start":{"line":120,"column":0},"end":{"line":120,"column":42}},"120":{"start":{"line":121,"column":0},"end":{"line":121,"column":14}},"121":{"start":{"line":122,"column":0},"end":{"line":122,"column":24}},"122":{"start":{"line":123,"column":0},"end":{"line":123,"column":36}},"123":{"start":{"line":124,"column":0},"end":{"line":124,"column":89}},"124":{"start":{"line":125,"column":0},"end":{"line":125,"column":19}},"125":{"start":{"line":126,"column":0},"end":{"line":126,"column":38}},"126":{"start":{"line":127,"column":0},"end":{"line":127,"column":40}},"127":{"start":{"line":128,"column":0},"end":{"line":128,"column":49}},"128":{"start":{"line":129,"column":0},"end":{"line":129,"column":10}},"129":{"start":{"line":130,"column":0},"end":{"line":130,"column":40}},"130":{"start":{"line":131,"column":0},"end":{"line":131,"column":17}},"131":{"start":{"line":132,"column":0},"end":{"line":132,"column":45}},"132":{"start":{"line":133,"column":0},"end":{"line":133,"column":129}},"133":{"start":{"line":134,"column":0},"end":{"line":134,"column":38}},"135":{"start":{"line":136,"column":0},"end":{"line":136,"column":25}},"136":{"start":{"line":137,"column":0},"end":{"line":137,"column":19}},"138":{"start":{"line":139,"column":0},"end":{"line":139,"column":32}},"139":{"start":{"line":140,"column":0},"end":{"line":140,"column":14}},"140":{"start":{"line":141,"column":0},"end":{"line":141,"column":44}},"141":{"start":{"line":142,"column":0},"end":{"line":142,"column":97}},"143":{"start":{"line":144,"column":0},"end":{"line":144,"column":48}},"144":{"start":{"line":145,"column":0},"end":{"line":145,"column":55}},"145":{"start":{"line":146,"column":0},"end":{"line":146,"column":20}},"146":{"start":{"line":147,"column":0},"end":{"line":147,"column":34}},"147":{"start":{"line":148,"column":0},"end":{"line":148,"column":60}},"148":{"start":{"line":149,"column":0},"end":{"line":149,"column":63}},"149":{"start":{"line":150,"column":0},"end":{"line":150,"column":105}},"150":{"start":{"line":151,"column":0},"end":{"line":151,"column":70}},"151":{"start":{"line":152,"column":0},"end":{"line":152,"column":68}},"153":{"start":{"line":154,"column":0},"end":{"line":154,"column":57}},"154":{"start":{"line":155,"column":0},"end":{"line":155,"column":32}},"155":{"start":{"line":156,"column":0},"end":{"line":156,"column":30}},"156":{"start":{"line":157,"column":0},"end":{"line":157,"column":22}},"157":{"start":{"line":158,"column":0},"end":{"line":158,"column":17}},"158":{"start":{"line":159,"column":0},"end":{"line":159,"column":18}},"159":{"start":{"line":160,"column":0},"end":{"line":160,"column":16}},"161":{"start":{"line":162,"column":0},"end":{"line":162,"column":12}},"162":{"start":{"line":163,"column":0},"end":{"line":163,"column":13}},"163":{"start":{"line":164,"column":0},"end":{"line":164,"column":35}},"164":{"start":{"line":165,"column":0},"end":{"line":165,"column":153}},"165":{"start":{"line":166,"column":0},"end":{"line":166,"column":30}},"167":{"start":{"line":168,"column":0},"end":{"line":168,"column":22}},"168":{"start":{"line":169,"column":0},"end":{"line":169,"column":40}},"169":{"start":{"line":170,"column":0},"end":{"line":170,"column":15}},"170":{"start":{"line":171,"column":0},"end":{"line":171,"column":10}},"172":{"start":{"line":173,"column":0},"end":{"line":173,"column":2}},"174":{"start":{"line":175,"column":0},"end":{"line":175,"column":25}}},"s":{"0":1,"2":1,"3":1,"4":1,"5":1,"6":1,"12":52,"13":52,"14":52,"16":52,"17":52,"18":52,"20":52,"22":52,"24":52,"25":5,"27":0,"28":5,"29":5,"31":5,"32":5,"33":5,"34":5,"35":52,"36":52,"37":52,"39":52,"40":44,"41":44,"42":44,"43":44,"44":16,"45":16,"46":52,"47":52,"48":52,"50":52,"51":49,"52":2,"53":2,"54":1,"55":1,"56":49,"58":0,"59":0,"60":49,"62":2,"63":2,"64":49,"66":1,"67":1,"68":0,"69":1,"70":1,"71":1,"72":49,"74":44,"75":49,"76":52,"77":52,"79":52,"80":1,"81":1,"82":1,"83":1,"84":1,"85":52,"86":52,"88":52,"89":2,"90":2,"91":2,"92":52,"93":52,"95":52,"96":4,"97":4,"99":4,"100":4,"101":52,"102":52,"103":52,"105":52,"106":21,"107":52,"108":52,"110":52,"112":52,"113":1,"114":1,"115":1,"116":1,"117":1,"119":1,"120":1,"121":1,"122":1,"123":1,"124":1,"125":1,"126":1,"127":1,"128":1,"129":1,"130":1,"131":1,"132":1,"133":1,"135":1,"136":1,"138":1,"139":1,"140":1,"141":1,"143":1,"144":1,"145":1,"146":1,"147":1,"148":1,"149":1,"150":1,"151":1,"153":1,"154":1,"155":1,"156":1,"157":1,"158":1,"159":1,"161":1,"162":1,"163":1,"164":1,"165":1,"167":1,"168":1,"169":1,"170":1,"172":1,"174":1},"branchMap":{"0":{"type":"branch","line":13,"loc":{"start":{"line":13,"column":0},"end":{"line":114,"column":5}},"locations":[{"start":{"line":13,"column":0},"end":{"line":114,"column":5}}]},"1":{"type":"branch","line":21,"loc":{"start":{"line":21,"column":8},"end":{"line":21,"column":59}},"locations":[{"start":{"line":21,"column":8},"end":{"line":21,"column":59}}]},"2":{"type":"branch","line":130,"loc":{"start":{"line":130,"column":9},"end":{"line":131,"column":11}},"locations":[{"start":{"line":130,"column":9},"end":{"line":131,"column":11}}]},"3":{"type":"branch","line":139,"loc":{"start":{"line":139,"column":9},"end":{"line":140,"column":11}},"locations":[{"start":{"line":139,"column":9},"end":{"line":140,"column":11}}]},"4":{"type":"branch","line":23,"loc":{"start":{"line":23,"column":8},"end":{"line":23,"column":48}},"locations":[{"start":{"line":23,"column":8},"end":{"line":23,"column":48}}]},"5":{"type":"branch","line":23,"loc":{"start":{"line":23,"column":30},"end":{"line":23,"column":39}},"locations":[{"start":{"line":23,"column":30},"end":{"line":23,"column":39}}]},"6":{"type":"branch","line":23,"loc":{"start":{"line":23,"column":30},"end":{"line":23,"column":48}},"locations":[{"start":{"line":23,"column":30},"end":{"line":23,"column":48}}]},"7":{"type":"branch","line":25,"loc":{"start":{"line":25,"column":25},"end":{"line":35,"column":32}},"locations":[{"start":{"line":25,"column":25},"end":{"line":35,"column":32}}]},"8":{"type":"branch","line":26,"loc":{"start":{"line":26,"column":62},"end":{"line":29,"column":20}},"locations":[{"start":{"line":26,"column":62},"end":{"line":29,"column":20}}]},"9":{"type":"branch","line":40,"loc":{"start":{"line":40,"column":8},"end":{"line":47,"column":26}},"locations":[{"start":{"line":40,"column":8},"end":{"line":47,"column":26}}]},"10":{"type":"branch","line":43,"loc":{"start":{"line":43,"column":8},"end":{"line":44,"column":21}},"locations":[{"start":{"line":43,"column":8},"end":{"line":44,"column":21}}]},"11":{"type":"branch","line":44,"loc":{"start":{"line":44,"column":6},"end":{"line":47,"column":26}},"locations":[{"start":{"line":44,"column":6},"end":{"line":47,"column":26}}]},"12":{"type":"branch","line":51,"loc":{"start":{"line":51,"column":8},"end":{"line":76,"column":14}},"locations":[{"start":{"line":51,"column":8},"end":{"line":76,"column":14}}]},"13":{"type":"branch","line":52,"loc":{"start":{"line":52,"column":4},"end":{"line":57,"column":15}},"locations":[{"start":{"line":52,"column":4},"end":{"line":57,"column":15}}]},"14":{"type":"branch","line":54,"loc":{"start":{"line":54,"column":12},"end":{"line":57,"column":15}},"locations":[{"start":{"line":54,"column":12},"end":{"line":57,"column":15}}]},"15":{"type":"branch","line":57,"loc":{"start":{"line":57,"column":15},"end":{"line":60,"column":30}},"locations":[{"start":{"line":57,"column":15},"end":{"line":60,"column":30}}]},"16":{"type":"branch","line":61,"loc":{"start":{"line":61,"column":8},"end":{"line":64,"column":76}},"locations":[{"start":{"line":61,"column":8},"end":{"line":64,"column":76}}]},"17":{"type":"branch","line":65,"loc":{"start":{"line":65,"column":8},"end":{"line":72,"column":10}},"locations":[{"start":{"line":65,"column":8},"end":{"line":72,"column":10}}]},"18":{"type":"branch","line":73,"loc":{"start":{"line":73,"column":8},"end":{"line":75,"column":14}},"locations":[{"start":{"line":73,"column":8},"end":{"line":75,"column":14}}]},"19":{"type":"branch","line":64,"loc":{"start":{"line":64,"column":8},"end":{"line":64,"column":68}},"locations":[{"start":{"line":64,"column":8},"end":{"line":64,"column":68}}]},"20":{"type":"branch","line":68,"loc":{"start":{"line":68,"column":8},"end":{"line":71,"column":60}},"locations":[{"start":{"line":68,"column":8},"end":{"line":71,"column":60}}]},"21":{"type":"branch","line":68,"loc":{"start":{"line":68,"column":34},"end":{"line":70,"column":26}},"locations":[{"start":{"line":68,"column":34},"end":{"line":70,"column":26}}]},"22":{"type":"branch","line":80,"loc":{"start":{"line":80,"column":8},"end":{"line":86,"column":24}},"locations":[{"start":{"line":80,"column":8},"end":{"line":86,"column":24}}]},"23":{"type":"branch","line":89,"loc":{"start":{"line":89,"column":8},"end":{"line":93,"column":17}},"locations":[{"start":{"line":89,"column":8},"end":{"line":93,"column":17}}]},"24":{"type":"branch","line":96,"loc":{"start":{"line":96,"column":2},"end":{"line":102,"column":20}},"locations":[{"start":{"line":96,"column":2},"end":{"line":102,"column":20}}]},"25":{"type":"branch","line":106,"loc":{"start":{"line":106,"column":8},"end":{"line":108,"column":29}},"locations":[{"start":{"line":106,"column":8},"end":{"line":108,"column":29}}]},"26":{"type":"branch","line":127,"loc":{"start":{"line":127,"column":21},"end":{"line":128,"column":43}},"locations":[{"start":{"line":127,"column":21},"end":{"line":128,"column":43}}]},"27":{"type":"branch","line":145,"loc":{"start":{"line":145,"column":15},"end":{"line":146,"column":17}},"locations":[{"start":{"line":145,"column":15},"end":{"line":146,"column":17}}]},"28":{"type":"branch","line":150,"loc":{"start":{"line":150,"column":28},"end":{"line":151,"column":63}},"locations":[{"start":{"line":150,"column":28},"end":{"line":151,"column":63}}]},"29":{"type":"branch","line":151,"loc":{"start":{"line":151,"column":68},"end":{"line":152,"column":56}},"locations":[{"start":{"line":151,"column":68},"end":{"line":152,"column":56}}]}},"b":{"0":[52],"1":[21],"2":[31],"3":[11],"4":[122],"5":[112],"6":[21],"7":[5],"8":[0],"9":[44],"10":[28],"11":[16],"12":[49],"13":[2],"14":[1],"15":[0],"16":[2],"17":[1],"18":[44],"19":[2],"20":[1],"21":[0],"22":[1],"23":[2],"24":[4],"25":[21],"26":[11],"27":[66],"28":[4],"29":[1]},"fnMap":{"0":{"name":"SearchBox","decl":{"start":{"line":13,"column":0},"end":{"line":114,"column":5}},"loc":{"start":{"line":13,"column":0},"end":{"line":114,"column":5}},"line":13},"1":{"name":"getInputValue","decl":{"start":{"line":23,"column":8},"end":{"line":23,"column":48}},"loc":{"start":{"line":23,"column":8},"end":{"line":23,"column":48}},"line":23},"2":{"name":"handleInputChange","decl":{"start":{"line":40,"column":8},"end":{"line":47,"column":26}},"loc":{"start":{"line":40,"column":8},"end":{"line":47,"column":26}},"line":40},"3":{"name":"handleInputKeydown","decl":{"start":{"line":51,"column":8},"end":{"line":76,"column":14}},"loc":{"start":{"line":51,"column":8},"end":{"line":76,"column":14}},"line":51},"4":{"name":"handleClearInput","decl":{"start":{"line":80,"column":8},"end":{"line":86,"column":24}},"loc":{"start":{"line":80,"column":8},"end":{"line":86,"column":24}},"line":80},"5":{"name":"handleSelectSuggestion","decl":{"start":{"line":89,"column":8},"end":{"line":93,"column":17}},"loc":{"start":{"line":89,"column":8},"end":{"line":93,"column":17}},"line":89},"6":{"name":"handleSubmit","decl":{"start":{"line":96,"column":2},"end":{"line":102,"column":20}},"loc":{"start":{"line":96,"column":2},"end":{"line":102,"column":20}},"line":96},"7":{"name":"handleCloseDropdown","decl":{"start":{"line":106,"column":8},"end":{"line":108,"column":29}},"loc":{"start":{"line":106,"column":8},"end":{"line":108,"column":29}},"line":106},"8":{"name":"onFocus","decl":{"start":{"line":127,"column":21},"end":{"line":128,"column":43}},"loc":{"start":{"line":127,"column":21},"end":{"line":128,"column":43}},"line":127},"9":{"name":"onMouseEnter","decl":{"start":{"line":150,"column":28},"end":{"line":151,"column":63}},"loc":{"start":{"line":150,"column":28},"end":{"line":151,"column":63}},"line":150},"10":{"name":"onClick","decl":{"start":{"line":151,"column":68},"end":{"line":152,"column":56}},"loc":{"start":{"line":151,"column":68},"end":{"line":152,"column":56}},"line":151}},"f":{"0":52,"1":122,"2":44,"3":49,"4":1,"5":2,"6":4,"7":21,"8":11,"9":4,"10":1}}
,"E:\\Projects\\web-developer-interview\\src\\pages\\SearchPage\\components\\SearchResultItem\\index.tsx": {"path":"E:\\Projects\\web-developer-interview\\src\\pages\\SearchPage\\components\\SearchResultItem\\index.tsx","all":false,"statementMap":{"0":{"start":{"line":1,"column":0},"end":{"line":1,"column":50}},"7":{"start":{"line":8,"column":0},"end":{"line":8,"column":63}},"8":{"start":{"line":9,"column":0},"end":{"line":9,"column":10}},"9":{"start":{"line":10,"column":0},"end":{"line":10,"column":8}},"10":{"start":{"line":11,"column":0},"end":{"line":11,"column":59}},"11":{"start":{"line":12,"column":0},"end":{"line":12,"column":37}},"13":{"start":{"line":14,"column":0},"end":{"line":14,"column":8}},"14":{"start":{"line":15,"column":0},"end":{"line":15,"column":98}},"15":{"start":{"line":16,"column":0},"end":{"line":16,"column":31}},"17":{"start":{"line":18,"column":0},"end":{"line":18,"column":33}},"18":{"start":{"line":19,"column":0},"end":{"line":19,"column":10}},"19":{"start":{"line":20,"column":0},"end":{"line":20,"column":46}},"20":{"start":{"line":21,"column":0},"end":{"line":21,"column":63}},"21":{"start":{"line":22,"column":0},"end":{"line":22,"column":37}},"22":{"start":{"line":23,"column":0},"end":{"line":23,"column":20}},"23":{"start":{"line":24,"column":0},"end":{"line":24,"column":12}},"24":{"start":{"line":25,"column":0},"end":{"line":25,"column":8}},"25":{"start":{"line":26,"column":0},"end":{"line":26,"column":55}},"26":{"start":{"line":27,"column":0},"end":{"line":27,"column":31}},"28":{"start":{"line":29,"column":0},"end":{"line":29,"column":26}},"29":{"start":{"line":30,"column":0},"end":{"line":30,"column":10}},"30":{"start":{"line":31,"column":0},"end":{"line":31,"column":10}},"32":{"start":{"line":33,"column":0},"end":{"line":33,"column":2}},"34":{"start":{"line":35,"column":0},"end":{"line":35,"column":32}}},"s":{"0":1,"7":1,"8":10,"9":10,"10":10,"11":10,"13":10,"14":10,"15":10,"17":10,"18":10,"19":10,"20":10,"21":10,"22":10,"23":10,"24":10,"25":10,"26":10,"28":10,"29":10,"30":10,"32":10,"34":1},"branchMap":{"0":{"type":"branch","line":8,"loc":{"start":{"line":8,"column":25},"end":{"line":33,"column":2}},"locations":[{"start":{"line":8,"column":25},"end":{"line":33,"column":2}}]}},"b":{"0":[10]},"fnMap":{"0":{"name":"SearchResultItem","decl":{"start":{"line":8,"column":25},"end":{"line":33,"column":2}},"loc":{"start":{"line":8,"column":25},"end":{"line":33,"column":2}},"line":8}},"f":{"0":10}}
,"E:\\Projects\\web-developer-interview\\src\\pages\\SearchPage\\components\\SearchResults\\index.tsx": {"path":"E:\\Projects\\web-developer-interview\\src\\pages\\SearchPage\\components\\SearchResults\\index.tsx","all":false,"statementMap":{"2":{"start":{"line":3,"column":0},"end":{"line":3,"column":51}},"12":{"start":{"line":13,"column":0},"end":{"line":13,"column":24}},"13":{"start":{"line":14,"column":0},"end":{"line":14,"column":8}},"14":{"start":{"line":15,"column":0},"end":{"line":15,"column":7}},"15":{"start":{"line":16,"column":0},"end":{"line":16,"column":11}},"16":{"start":{"line":17,"column":0},"end":{"line":17,"column":8}},"17":{"start":{"line":18,"column":0},"end":{"line":18,"column":8}},"18":{"start":{"line":19,"column":0},"end":{"line":19,"column":27}},"19":{"start":{"line":20,"column":0},"end":{"line":20,"column":47}},"20":{"start":{"line":21,"column":0},"end":{"line":21,"column":66}},"22":{"start":{"line":23,"column":0},"end":{"line":23,"column":22}},"23":{"start":{"line":24,"column":0},"end":{"line":24,"column":12}},"24":{"start":{"line":25,"column":0},"end":{"line":25,"column":11}},"25":{"start":{"line":26,"column":0},"end":{"line":26,"column":30}},"26":{"start":{"line":27,"column":0},"end":{"line":27,"column":79}},"27":{"start":{"line":28,"column":0},"end":{"line":28,"column":13}},"28":{"start":{"line":29,"column":0},"end":{"line":29,"column":12}},"30":{"start":{"line":31,"column":0},"end":{"line":31,"column":3}},"32":{"start":{"line":33,"column":0},"end":{"line":33,"column":10}},"33":{"start":{"line":34,"column":0},"end":{"line":34,"column":27}},"34":{"start":{"line":35,"column":0},"end":{"line":35,"column":42}},"35":{"start":{"line":36,"column":0},"end":{"line":36,"column":60}},"36":{"start":{"line":37,"column":0},"end":{"line":37,"column":11}},"37":{"start":{"line":38,"column":0},"end":{"line":38,"column":54}},"38":{"start":{"line":39,"column":0},"end":{"line":39,"column":30}},"39":{"start":{"line":40,"column":0},"end":{"line":40,"column":64}},"40":{"start":{"line":41,"column":0},"end":{"line":41,"column":11}},"41":{"start":{"line":42,"column":0},"end":{"line":42,"column":12}},"42":{"start":{"line":43,"column":0},"end":{"line":43,"column":10}},"44":{"start":{"line":45,"column":0},"end":{"line":45,"column":2}},"46":{"start":{"line":47,"column":0},"end":{"line":47,"column":29}}},"s":{"2":1,"12":1,"13":1,"14":1,"15":1,"16":1,"17":1,"18":1,"19":1,"20":1,"22":1,"23":0,"24":0,"25":0,"26":0,"27":0,"28":0,"30":0,"32":1,"33":1,"34":1,"35":1,"36":1,"37":1,"38":1,"39":10,"40":1,"41":1,"42":1,"44":1,"46":1},"branchMap":{"0":{"type":"branch","line":13,"loc":{"start":{"line":13,"column":22},"end":{"line":45,"column":2}},"locations":[{"start":{"line":13,"column":22},"end":{"line":45,"column":2}}]},"1":{"type":"branch","line":23,"loc":{"start":{"line":23,"column":21},"end":{"line":31,"column":3}},"locations":[{"start":{"line":23,"column":21},"end":{"line":31,"column":3}}]},"2":{"type":"branch","line":39,"loc":{"start":{"line":39,"column":19},"end":{"line":40,"column":64}},"locations":[{"start":{"line":39,"column":19},"end":{"line":40,"column":64}}]}},"b":{"0":[1],"1":[0],"2":[10]},"fnMap":{"0":{"name":"SearchResults","decl":{"start":{"line":13,"column":22},"end":{"line":45,"column":2}},"loc":{"start":{"line":13,"column":22},"end":{"line":45,"column":2}},"line":13}},"f":{"0":1}}
,"E:\\Projects\\web-developer-interview\\src\\services\\search.ts": {"path":"E:\\Projects\\web-developer-interview\\src\\services\\search.ts","all":false,"statementMap":{"0":{"start":{"line":8,"column":0},"end":{"line":8,"column":27}},"1":{"start":{"line":9,"column":0},"end":{"line":9,"column":143}},"2":{"start":{"line":11,"column":0},"end":{"line":11,"column":31}},"3":{"start":{"line":12,"column":0},"end":{"line":12,"column":142}},"4":{"start":{"line":19,"column":0},"end":{"line":19,"column":60}},"5":{"start":{"line":20,"column":0},"end":{"line":20,"column":7}},"6":{"start":{"line":21,"column":0},"end":{"line":21,"column":49}},"7":{"start":{"line":22,"column":0},"end":{"line":22,"column":57}},"8":{"start":{"line":24,"column":0},"end":{"line":24,"column":12}},"9":{"start":{"line":25,"column":0},"end":{"line":25,"column":18}},"10":{"start":{"line":26,"column":0},"end":{"line":26,"column":45}},"11":{"start":{"line":27,"column":0},"end":{"line":27,"column":6}},"12":{"start":{"line":28,"column":0},"end":{"line":28,"column":19}},"13":{"start":{"line":29,"column":0},"end":{"line":29,"column":12}},"14":{"start":{"line":30,"column":0},"end":{"line":30,"column":12}},"15":{"start":{"line":31,"column":0},"end":{"line":31,"column":17}},"16":{"start":{"line":32,"column":0},"end":{"line":32,"column":6}},"17":{"start":{"line":33,"column":0},"end":{"line":33,"column":3}},"18":{"start":{"line":34,"column":0},"end":{"line":34,"column":2}},"19":{"start":{"line":45,"column":0},"end":{"line":45,"column":65}},"20":{"start":{"line":46,"column":0},"end":{"line":46,"column":31}},"21":{"start":{"line":47,"column":0},"end":{"line":47,"column":34}},"22":{"start":{"line":49,"column":0},"end":{"line":49,"column":24}},"23":{"start":{"line":50,"column":0},"end":{"line":50,"column":24}},"24":{"start":{"line":51,"column":0},"end":{"line":51,"column":43}},"25":{"start":{"line":52,"column":0},"end":{"line":52,"column":3}},"26":{"start":{"line":54,"column":0},"end":{"line":54,"column":17}},"27":{"start":{"line":55,"column":0},"end":{"line":55,"column":2}},"28":{"start":{"line":66,"column":0},"end":{"line":66,"column":29}},"29":{"start":{"line":67,"column":0},"end":{"line":67,"column":30}},"30":{"start":{"line":68,"column":0},"end":{"line":68,"column":15}},"31":{"start":{"line":69,"column":0},"end":{"line":69,"column":29}},"32":{"start":{"line":70,"column":0},"end":{"line":70,"column":46}},"33":{"start":{"line":71,"column":0},"end":{"line":71,"column":35}},"34":{"start":{"line":72,"column":0},"end":{"line":72,"column":49}},"35":{"start":{"line":74,"column":0},"end":{"line":74,"column":48}},"36":{"start":{"line":75,"column":0},"end":{"line":75,"column":23}},"37":{"start":{"line":76,"column":0},"end":{"line":76,"column":35}},"38":{"start":{"line":77,"column":0},"end":{"line":77,"column":5}},"39":{"start":{"line":79,"column":0},"end":{"line":79,"column":46}},"40":{"start":{"line":80,"column":0},"end":{"line":80,"column":72}},"41":{"start":{"line":81,"column":0},"end":{"line":81,"column":76}},"42":{"start":{"line":83,"column":0},"end":{"line":83,"column":48}},"43":{"start":{"line":84,"column":0},"end":{"line":84,"column":22}},"44":{"start":{"line":85,"column":0},"end":{"line":85,"column":21}},"45":{"start":{"line":86,"column":0},"end":{"line":86,"column":6}},"46":{"start":{"line":87,"column":0},"end":{"line":87,"column":50}},"47":{"start":{"line":88,"column":0},"end":{"line":88,"column":24}},"48":{"start":{"line":89,"column":0},"end":{"line":89,"column":21}},"49":{"start":{"line":90,"column":0},"end":{"line":90,"column":6}},"50":{"start":{"line":92,"column":0},"end":{"line":92,"column":45}},"51":{"start":{"line":93,"column":0},"end":{"line":93,"column":41}},"52":{"start":{"line":94,"column":0},"end":{"line":94,"column":47}},"53":{"start":{"line":95,"column":0},"end":{"line":95,"column":43}},"54":{"start":{"line":97,"column":0},"end":{"line":97,"column":69}},"55":{"start":{"line":98,"column":0},"end":{"line":98,"column":27}},"56":{"start":{"line":99,"column":0},"end":{"line":99,"column":22}},"57":{"start":{"line":100,"column":0},"end":{"line":100,"column":24}},"58":{"start":{"line":101,"column":0},"end":{"line":101,"column":38}},"59":{"start":{"line":102,"column":0},"end":{"line":102,"column":38}},"60":{"start":{"line":103,"column":0},"end":{"line":103,"column":10}},"61":{"start":{"line":104,"column":0},"end":{"line":104,"column":26}},"62":{"start":{"line":105,"column":0},"end":{"line":105,"column":40}},"63":{"start":{"line":106,"column":0},"end":{"line":106,"column":40}},"64":{"start":{"line":107,"column":0},"end":{"line":107,"column":10}},"65":{"start":{"line":108,"column":0},"end":{"line":108,"column":9}},"66":{"start":{"line":109,"column":0},"end":{"line":109,"column":5}},"67":{"start":{"line":110,"column":0},"end":{"line":110,"column":3}},"68":{"start":{"line":112,"column":0},"end":{"line":112,"column":36}},"69":{"start":{"line":113,"column":0},"end":{"line":113,"column":52}},"70":{"start":{"line":115,"column":0},"end":{"line":115,"column":14}},"71":{"start":{"line":116,"column":0},"end":{"line":116,"column":2}},"72":{"start":{"line":123,"column":0},"end":{"line":123,"column":64}},"73":{"start":{"line":124,"column":0},"end":{"line":124,"column":7}},"74":{"start":{"line":125,"column":0},"end":{"line":125,"column":53}},"75":{"start":{"line":126,"column":0},"end":{"line":126,"column":61}},"76":{"start":{"line":128,"column":0},"end":{"line":128,"column":12}},"77":{"start":{"line":129,"column":0},"end":{"line":129,"column":18}},"78":{"start":{"line":130,"column":0},"end":{"line":130,"column":49}},"79":{"start":{"line":131,"column":0},"end":{"line":131,"column":6}},"80":{"start":{"line":132,"column":0},"end":{"line":132,"column":19}},"81":{"start":{"line":133,"column":0},"end":{"line":133,"column":12}},"82":{"start":{"line":134,"column":0},"end":{"line":134,"column":12}},"83":{"start":{"line":135,"column":0},"end":{"line":135,"column":17}},"84":{"start":{"line":136,"column":0},"end":{"line":136,"column":6}},"85":{"start":{"line":137,"column":0},"end":{"line":137,"column":3}},"86":{"start":{"line":138,"column":0},"end":{"line":138,"column":2}},"87":{"start":{"line":147,"column":0},"end":{"line":147,"column":33}},"88":{"start":{"line":148,"column":0},"end":{"line":148,"column":34}},"89":{"start":{"line":149,"column":0},"end":{"line":149,"column":15}},"90":{"start":{"line":150,"column":0},"end":{"line":150,"column":33}},"91":{"start":{"line":151,"column":0},"end":{"line":151,"column":60}},"92":{"start":{"line":152,"column":0},"end":{"line":152,"column":30}},"93":{"start":{"line":153,"column":0},"end":{"line":153,"column":4}},"94":{"start":{"line":155,"column":0},"end":{"line":155,"column":14}},"95":{"start":{"line":156,"column":0},"end":{"line":156,"column":2}}},"s":{"0":2,"1":2,"2":2,"3":2,"4":2,"5":3,"6":3,"7":3,"8":2,"9":2,"10":2,"11":2,"12":2,"13":2,"14":2,"15":2,"16":2,"17":2,"18":3,"19":2,"20":21,"21":21,"22":21,"23":1,"24":1,"25":1,"26":21,"27":21,"28":2,"29":2,"30":2,"31":2,"32":2,"33":2,"34":2,"35":2,"36":1,"37":1,"38":1,"39":2,"40":11,"41":11,"42":11,"43":11,"44":11,"45":11,"46":11,"47":11,"48":11,"49":11,"50":11,"51":11,"52":11,"53":11,"54":11,"55":1,"56":1,"57":1,"58":1,"59":1,"60":1,"61":1,"62":1,"63":1,"64":1,"65":1,"66":1,"67":11,"68":2,"69":2,"70":2,"71":2,"72":2,"73":3,"74":3,"75":3,"76":2,"77":2,"78":2,"79":2,"80":2,"81":2,"82":2,"83":2,"84":2,"85":2,"86":3,"87":2,"88":2,"89":2,"90":2,"91":2,"92":7,"93":2,"94":2,"95":2},"branchMap":{"0":{"type":"branch","line":8,"loc":{"start":{"line":8,"column":0},"end":{"line":9,"column":143}},"locations":[{"start":{"line":8,"column":0},"end":{"line":9,"column":143}}]},"1":{"type":"branch","line":19,"loc":{"start":{"line":19,"column":34},"end":{"line":34,"column":2}},"locations":[{"start":{"line":19,"column":34},"end":{"line":34,"column":2}}]},"2":{"type":"branch","line":22,"loc":{"start":{"line":22,"column":55},"end":{"line":33,"column":3}},"locations":[{"start":{"line":22,"column":55},"end":{"line":33,"column":3}}]},"3":{"type":"branch","line":45,"loc":{"start":{"line":45,"column":31},"end":{"line":55,"column":2}},"locations":[{"start":{"line":45,"column":31},"end":{"line":55,"column":2}}]},"4":{"type":"branch","line":49,"loc":{"start":{"line":49,"column":23},"end":{"line":52,"column":3}},"locations":[{"start":{"line":49,"column":23},"end":{"line":52,"column":3}}]},"5":{"type":"branch","line":66,"loc":{"start":{"line":66,"column":28},"end":{"line":116,"column":2}},"locations":[{"start":{"line":66,"column":28},"end":{"line":116,"column":2}}]},"6":{"type":"branch","line":79,"loc":{"start":{"line":79,"column":45},"end":{"line":110,"column":3}},"locations":[{"start":{"line":79,"column":45},"end":{"line":110,"column":3}}]},"7":{"type":"branch","line":97,"loc":{"start":{"line":97,"column":68},"end":{"line":109,"column":5}},"locations":[{"start":{"line":97,"column":68},"end":{"line":109,"column":5}}]},"8":{"type":"branch","line":123,"loc":{"start":{"line":123,"column":38},"end":{"line":138,"column":2}},"locations":[{"start":{"line":123,"column":38},"end":{"line":138,"column":2}}]},"9":{"type":"branch","line":126,"loc":{"start":{"line":126,"column":59},"end":{"line":137,"column":3}},"locations":[{"start":{"line":126,"column":59},"end":{"line":137,"column":3}}]},"10":{"type":"branch","line":147,"loc":{"start":{"line":147,"column":32},"end":{"line":156,"column":2}},"locations":[{"start":{"line":147,"column":32},"end":{"line":156,"column":2}}]},"11":{"type":"branch","line":151,"loc":{"start":{"line":151,"column":45},"end":{"line":152,"column":30}},"locations":[{"start":{"line":151,"column":45},"end":{"line":152,"column":30}}]}},"b":{"0":[1],"1":[2],"2":[1],"3":[20],"4":[0],"5":[1],"6":[10],"7":[0],"8":[2],"9":[1],"10":[1],"11":[6]},"fnMap":{"0":{"name":"fetchSearchResults","decl":{"start":{"line":19,"column":34},"end":{"line":34,"column":2}},"loc":{"start":{"line":19,"column":34},"end":{"line":34,"column":2}},"line":19},"1":{"name":"getAllSubstringIndexes","decl":{"start":{"line":45,"column":31},"end":{"line":55,"column":2}},"loc":{"start":{"line":45,"column":31},"end":{"line":55,"column":2}},"line":45},"2":{"name":"filterSearchResults","decl":{"start":{"line":66,"column":28},"end":{"line":116,"column":2}},"loc":{"start":{"line":66,"column":28},"end":{"line":116,"column":2}},"line":66},"3":{"name":"indexToHighlight","decl":{"start":{"line":74,"column":27},"end":{"line":77,"column":5}},"loc":{"start":{"line":74,"column":27},"end":{"line":77,"column":5}},"line":74},"4":{"name":"fetchSearchSuggestions","decl":{"start":{"line":123,"column":38},"end":{"line":138,"column":2}},"loc":{"start":{"line":123,"column":38},"end":{"line":138,"column":2}},"line":123},"5":{"name":"filterSearchSuggestions","decl":{"start":{"line":147,"column":32},"end":{"line":156,"column":2}},"loc":{"start":{"line":147,"column":32},"end":{"line":156,"column":2}},"line":147}},"f":{"0":2,"1":20,"2":1,"3":0,"4":2,"5":1}}
,"E:\\Projects\\web-developer-interview\\src\\utils\\highlight.ts": {"path":"E:\\Projects\\web-developer-interview\\src\\utils\\highlight.ts","all":false,"statementMap":{"11":{"start":{"line":12,"column":0},"end":{"line":12,"column":38}},"12":{"start":{"line":13,"column":0},"end":{"line":13,"column":15}},"13":{"start":{"line":14,"column":0},"end":{"line":14,"column":17}},"14":{"start":{"line":15,"column":0},"end":{"line":15,"column":23}},"15":{"start":{"line":16,"column":0},"end":{"line":16,"column":44}},"16":{"start":{"line":17,"column":0},"end":{"line":17,"column":50}},"18":{"start":{"line":19,"column":0},"end":{"line":19,"column":37}},"19":{"start":{"line":20,"column":0},"end":{"line":20,"column":23}},"22":{"start":{"line":23,"column":0},"end":{"line":23,"column":31}},"23":{"start":{"line":24,"column":0},"end":{"line":24,"column":18}},"24":{"start":{"line":25,"column":0},"end":{"line":25,"column":3}},"27":{"start":{"line":28,"column":0},"end":{"line":28,"column":6}},"28":{"start":{"line":29,"column":0},"end":{"line":29,"column":32}},"29":{"start":{"line":30,"column":0},"end":{"line":30,"column":47}},"30":{"start":{"line":31,"column":0},"end":{"line":31,"column":5}},"31":{"start":{"line":32,"column":0},"end":{"line":32,"column":44}},"32":{"start":{"line":33,"column":0},"end":{"line":33,"column":18}},"33":{"start":{"line":34,"column":0},"end":{"line":34,"column":3}},"36":{"start":{"line":37,"column":0},"end":{"line":37,"column":48}},"37":{"start":{"line":38,"column":0},"end":{"line":38,"column":79}},"40":{"start":{"line":41,"column":0},"end":{"line":41,"column":28}},"41":{"start":{"line":42,"column":0},"end":{"line":42,"column":49}},"42":{"start":{"line":43,"column":0},"end":{"line":43,"column":21}},"43":{"start":{"line":44,"column":0},"end":{"line":44,"column":41}},"44":{"start":{"line":45,"column":0},"end":{"line":45,"column":27}},"45":{"start":{"line":46,"column":0},"end":{"line":46,"column":11}},"46":{"start":{"line":47,"column":0},"end":{"line":47,"column":7}},"47":{"start":{"line":48,"column":0},"end":{"line":48,"column":12}},"48":{"start":{"line":49,"column":0},"end":{"line":49,"column":5}},"51":{"start":{"line":52,"column":0},"end":{"line":52,"column":36}},"52":{"start":{"line":53,"column":0},"end":{"line":53,"column":19}},"53":{"start":{"line":54,"column":0},"end":{"line":54,"column":51}},"54":{"start":{"line":55,"column":0},"end":{"line":55,"column":25}},"55":{"start":{"line":56,"column":0},"end":{"line":56,"column":9}},"56":{"start":{"line":57,"column":0},"end":{"line":57,"column":5}},"59":{"start":{"line":60,"column":0},"end":{"line":60,"column":17}},"60":{"start":{"line":61,"column":0},"end":{"line":61,"column":74}},"61":{"start":{"line":62,"column":0},"end":{"line":62,"column":22}},"62":{"start":{"line":63,"column":0},"end":{"line":63,"column":7}},"65":{"start":{"line":66,"column":0},"end":{"line":66,"column":57}},"66":{"start":{"line":67,"column":0},"end":{"line":67,"column":3}},"68":{"start":{"line":69,"column":0},"end":{"line":69,"column":16}},"69":{"start":{"line":70,"column":0},"end":{"line":70,"column":2}},"80":{"start":{"line":81,"column":0},"end":{"line":81,"column":46}},"81":{"start":{"line":82,"column":0},"end":{"line":82,"column":15}},"82":{"start":{"line":83,"column":0},"end":{"line":83,"column":30}},"83":{"start":{"line":84,"column":0},"end":{"line":84,"column":23}},"84":{"start":{"line":85,"column":0},"end":{"line":85,"column":37}},"85":{"start":{"line":86,"column":0},"end":{"line":86,"column":23}},"88":{"start":{"line":89,"column":0},"end":{"line":89,"column":21}},"89":{"start":{"line":90,"column":0},"end":{"line":90,"column":18}},"90":{"start":{"line":91,"column":0},"end":{"line":91,"column":3}},"92":{"start":{"line":93,"column":0},"end":{"line":93,"column":28}},"94":{"start":{"line":95,"column":0},"end":{"line":95,"column":44}},"95":{"start":{"line":96,"column":0},"end":{"line":96,"column":18}},"96":{"start":{"line":97,"column":0},"end":{"line":97,"column":3}},"98":{"start":{"line":99,"column":0},"end":{"line":99,"column":54}},"99":{"start":{"line":100,"column":0},"end":{"line":100,"column":37}},"101":{"start":{"line":102,"column":0},"end":{"line":102,"column":19}},"102":{"start":{"line":103,"column":0},"end":{"line":103,"column":52}},"103":{"start":{"line":104,"column":0},"end":{"line":104,"column":25}},"104":{"start":{"line":105,"column":0},"end":{"line":105,"column":9}},"105":{"start":{"line":106,"column":0},"end":{"line":106,"column":5}},"108":{"start":{"line":109,"column":0},"end":{"line":109,"column":17}},"109":{"start":{"line":110,"column":0},"end":{"line":110,"column":47}},"110":{"start":{"line":111,"column":0},"end":{"line":111,"column":22}},"111":{"start":{"line":112,"column":0},"end":{"line":112,"column":7}},"114":{"start":{"line":115,"column":0},"end":{"line":115,"column":29}},"115":{"start":{"line":116,"column":0},"end":{"line":116,"column":5}},"117":{"start":{"line":118,"column":0},"end":{"line":118,"column":35}},"119":{"start":{"line":120,"column":0},"end":{"line":120,"column":17}},"120":{"start":{"line":121,"column":0},"end":{"line":121,"column":37}},"121":{"start":{"line":122,"column":0},"end":{"line":122,"column":23}},"122":{"start":{"line":123,"column":0},"end":{"line":123,"column":7}},"123":{"start":{"line":124,"column":0},"end":{"line":124,"column":3}},"125":{"start":{"line":126,"column":0},"end":{"line":126,"column":16}},"126":{"start":{"line":127,"column":0},"end":{"line":127,"column":2}}},"s":{"11":1,"12":34,"13":34,"14":34,"15":34,"16":34,"18":34,"19":34,"22":34,"23":2,"24":2,"27":32,"28":32,"29":30,"30":34,"31":4,"32":4,"33":4,"36":32,"37":53,"40":53,"41":24,"42":24,"43":24,"44":24,"45":24,"46":24,"47":24,"48":24,"51":53,"52":8,"53":8,"54":8,"55":8,"56":8,"59":29,"60":29,"61":29,"62":29,"65":29,"66":29,"68":28,"69":28,"80":1,"81":15,"82":15,"83":15,"84":15,"85":15,"88":15,"89":1,"90":1,"92":15,"94":1,"95":1,"96":1,"98":13,"99":34,"101":33,"102":33,"103":33,"104":33,"105":33,"108":34,"109":34,"110":34,"111":34,"114":34,"115":13,"117":15,"119":12,"120":12,"121":12,"122":12,"123":12,"125":13,"126":13},"branchMap":{"0":{"type":"branch","line":12,"loc":{"start":{"line":12,"column":37},"end":{"line":70,"column":2}},"locations":[{"start":{"line":12,"column":37},"end":{"line":70,"column":2}}]},"1":{"type":"branch","line":23,"loc":{"start":{"line":23,"column":30},"end":{"line":25,"column":3}},"locations":[{"start":{"line":23,"column":30},"end":{"line":25,"column":3}}]},"2":{"type":"branch","line":25,"loc":{"start":{"line":25,"column":2},"end":{"line":29,"column":32}},"locations":[{"start":{"line":25,"column":2},"end":{"line":29,"column":32}}]},"3":{"type":"branch","line":29,"loc":{"start":{"line":29,"column":23},"end":{"line":30,"column":47}},"locations":[{"start":{"line":29,"column":23},"end":{"line":30,"column":47}}]},"4":{"type":"branch","line":31,"loc":{"start":{"line":31,"column":4},"end":{"line":67,"column":3}},"locations":[{"start":{"line":31,"column":4},"end":{"line":67,"column":3}}]},"5":{"type":"branch","line":31,"loc":{"start":{"line":31,"column":4},"end":{"line":37,"column":47}},"locations":[{"start":{"line":31,"column":4},"end":{"line":37,"column":47}}]},"6":{"type":"branch","line":31,"loc":{"start":{"line":31,"column":4},"end":{"line":34,"column":3}},"locations":[{"start":{"line":31,"column":4},"end":{"line":34,"column":3}}]},"7":{"type":"branch","line":37,"loc":{"start":{"line":37,"column":47},"end":{"line":67,"column":3}},"locations":[{"start":{"line":37,"column":47},"end":{"line":67,"column":3}}]},"8":{"type":"branch","line":41,"loc":{"start":{"line":41,"column":27},"end":{"line":52,"column":35}},"locations":[{"start":{"line":41,"column":27},"end":{"line":52,"column":35}}]},"9":{"type":"branch","line":41,"loc":{"start":{"line":41,"column":27},"end":{"line":49,"column":5}},"locations":[{"start":{"line":41,"column":27},"end":{"line":49,"column":5}}]},"10":{"type":"branch","line":52,"loc":{"start":{"line":52,"column":35},"end":{"line":57,"column":5}},"locations":[{"start":{"line":52,"column":35},"end":{"line":57,"column":5}}]},"11":{"type":"branch","line":57,"loc":{"start":{"line":57,"column":4},"end":{"line":67,"column":3}},"locations":[{"start":{"line":57,"column":4},"end":{"line":67,"column":3}}]},"12":{"type":"branch","line":67,"loc":{"start":{"line":67,"column":2},"end":{"line":70,"column":2}},"locations":[{"start":{"line":67,"column":2},"end":{"line":70,"column":2}}]},"13":{"type":"branch","line":81,"loc":{"start":{"line":81,"column":45},"end":{"line":127,"column":2}},"locations":[{"start":{"line":81,"column":45},"end":{"line":127,"column":2}}]},"14":{"type":"branch","line":89,"loc":{"start":{"line":89,"column":20},"end":{"line":91,"column":3}},"locations":[{"start":{"line":89,"column":20},"end":{"line":91,"column":3}}]},"15":{"type":"branch","line":91,"loc":{"start":{"line":91,"column":2},"end":{"line":93,"column":27}},"locations":[{"start":{"line":91,"column":2},"end":{"line":93,"column":27}}]},"16":{"type":"branch","line":93,"loc":{"start":{"line":93,"column":27},"end":{"line":97,"column":3}},"locations":[{"start":{"line":93,"column":27},"end":{"line":97,"column":3}}]},"17":{"type":"branch","line":97,"loc":{"start":{"line":97,"column":2},"end":{"line":118,"column":34}},"locations":[{"start":{"line":97,"column":2},"end":{"line":118,"column":34}}]},"18":{"type":"branch","line":118,"loc":{"start":{"line":118,"column":34},"end":{"line":124,"column":3}},"locations":[{"start":{"line":118,"column":34},"end":{"line":124,"column":3}}]},"19":{"type":"branch","line":124,"loc":{"start":{"line":124,"column":2},"end":{"line":127,"column":2}},"locations":[{"start":{"line":124,"column":2},"end":{"line":127,"column":2}}]},"20":{"type":"branch","line":99,"loc":{"start":{"line":99,"column":21},"end":{"line":116,"column":3}},"locations":[{"start":{"line":99,"column":21},"end":{"line":116,"column":3}}]},"21":{"type":"branch","line":100,"loc":{"start":{"line":100,"column":36},"end":{"line":106,"column":5}},"locations":[{"start":{"line":100,"column":36},"end":{"line":106,"column":5}}]}},"b":{"0":[34],"1":[2],"2":[32],"3":[30],"4":[32],"5":[28],"6":[4],"7":[53],"8":[29],"9":[24],"10":[8],"11":[29],"12":[28],"13":[15],"14":[1],"15":[14],"16":[1],"17":[13],"18":[12],"19":[13],"20":[34],"21":[33]},"fnMap":{"0":{"name":"categorizeByHighlight","decl":{"start":{"line":12,"column":37},"end":{"line":70,"column":2}},"loc":{"start":{"line":12,"column":37},"end":{"line":70,"column":2}},"line":12},"1":{"name":"categorizeHighlightInDocument","decl":{"start":{"line":81,"column":45},"end":{"line":127,"column":2}},"loc":{"start":{"line":81,"column":45},"end":{"line":127,"column":2}},"line":81}},"f":{"0":34,"1":15}}
}
